2016-09-14 22:29:25,634 INFO  - Starting HiveMQ Server
2016-09-14 22:29:25,783 INFO  - HiveMQ version: 3.1.5
2016-09-14 22:29:25,789 INFO  - HiveMQ home directory: /home/paridhika/Downloads/IoT/hivemq-3.1.5
2016-09-14 22:29:42,197 ERROR - Could not read the properties file /home/paridhika/Downloads/IoT/hivemq-3.1.5/conf/myPlugin.properties
2016-09-14 22:29:42,596 INFO  - Loaded Plugin HiveMQ HelloWorld Plugin - v3.0.0
2016-09-14 22:29:42,597 INFO  - HiveMQ is starting
2016-09-14 22:29:42,597 INFO  - Property from property file is: null
2016-09-14 22:29:42,599 INFO  - Starting TCP listener on address 0.0.0.0 and port 1883
2016-09-14 22:29:42,631 INFO  - Starting Websocket listener on address 0.0.0.0 and port 8000
2016-09-14 22:29:42,634 INFO  - Started TCP Listener on address 0.0.0.0 and on port 1883
2016-09-14 22:29:42,635 INFO  - Started Websocket Listener on address 0.0.0.0 and on port 8000
2016-09-14 22:29:42,635 INFO  - Started HiveMQ in 16951ms
2016-09-14 22:32:20,938 INFO  - No valid license file found. Using evaluation license, restricted to 25 connections.
2016-09-14 22:32:20,985 INFO  - Client mosqsub/8648-paridhika- is connecting
2016-09-14 22:32:20,987 INFO  - Client mosqsub/8648-paridhika- is connecting
2016-09-14 22:32:21,006 INFO  - Added subscription to devices/mosqsub/8648-paridhika-/sensor for client mosqsub/8648-paridhika-
2016-09-14 22:33:17,563 INFO  - Client mosqsub/8648-paridhika- is disconnected
2016-09-14 22:51:25,976 INFO  - Client clientId-RJa3OPGtSq is connecting
2016-09-14 22:51:25,977 INFO  - Client clientId-RJa3OPGtSq is connecting
2016-09-14 22:51:25,978 INFO  - Added subscription to devices/clientId-RJa3OPGtSq/sensor for client clientId-RJa3OPGtSq
2016-09-14 23:12:29,085 INFO  - Shutting down HiveMQ. Please wait, this could take a while...
2016-09-14 23:12:29,365 ERROR - An unexpected error occurred for client with IP 127.0.0.1: java.util.concurrent.RejectedExecutionException: Task com.codahale.metrics.InstrumentedExecutorService$InstrumentedRunnable@744316f0 rejected from ce.b@43826ec[Terminated, pool size = 0, active threads = 0, queued tasks = 0, completed tasks = 5]
	at java.util.concurrent.ThreadPoolExecutor$AbortPolicy.rejectedExecution(ThreadPoolExecutor.java:2047)
	at java.util.concurrent.ThreadPoolExecutor.reject(ThreadPoolExecutor.java:823)
	at java.util.concurrent.ThreadPoolExecutor.execute(ThreadPoolExecutor.java:1369)
	at com.codahale.metrics.InstrumentedExecutorService.execute(Unknown Source)
	at com.google.common.util.concurrent.MoreExecutors$ListeningDecorator.execute(Unknown Source)
	at java.util.concurrent.AbstractExecutorService.submit(AbstractExecutorService.java:112)
	at com.google.common.util.concurrent.AbstractListeningExecutorService.submit(Unknown Source)
	at ce.c.a(Unknown Source)
	at ck.b.userEventTriggered(Unknown Source)
	at io.netty.channel.AbstractChannelHandlerContext.invokeUserEventTriggered(Unknown Source)
	at io.netty.channel.AbstractChannelHandlerContext.access$500(Unknown Source)
	at io.netty.channel.AbstractChannelHandlerContext$6.run(Unknown Source)
	at io.netty.util.concurrent.DefaultEventExecutor.run(Unknown Source)
	at io.netty.util.concurrent.SingleThreadEventExecutor$2.run(Unknown Source)
	at java.lang.Thread.run(Thread.java:745)

2016-09-14 23:12:44,444 INFO  - Starting HiveMQ Server
2016-09-14 23:12:44,499 INFO  - HiveMQ version: 3.1.5
2016-09-14 23:12:44,500 INFO  - HiveMQ home directory: /home/paridhika/Downloads/IoT/hivemq-3.1.5
2016-09-14 23:12:51,265 ERROR - Could not read the properties file /home/paridhika/Downloads/IoT/hivemq-3.1.5/conf/myPlugin.properties
2016-09-14 23:12:51,443 INFO  - Loaded Plugin HiveMQ HelloWorld Plugin - v3.0.0
2016-09-14 23:12:51,443 INFO  - HiveMQ is starting
2016-09-14 23:12:51,444 INFO  - Property from property file is: null
2016-09-14 23:12:51,446 INFO  - Starting TCP listener on address 0.0.0.0 and port 1883
2016-09-14 23:12:51,473 INFO  - Starting Websocket listener on address 0.0.0.0 and port 8000
2016-09-14 23:12:51,475 INFO  - Started TCP Listener on address 0.0.0.0 and on port 1883
2016-09-14 23:12:51,475 INFO  - Started Websocket Listener on address 0.0.0.0 and on port 8000
2016-09-14 23:12:51,476 INFO  - Started HiveMQ in 6978ms
